c:\users\vladoss\source\repos\eduac\x64\release\vc141.pdb
c:\users\vladoss\source\repos\eduac\x64\release\editgroupform.obj
c:\users\vladoss\source\repos\eduac\x64\release\editgroupcourse.obj
c:\users\vladoss\source\repos\eduac\x64\release\editdepartform.obj
c:\users\vladoss\source\repos\eduac\x64\release\editcourseform.obj
c:\users\vladoss\source\repos\eduac\x64\release\databaseconnection.obj
c:\users\vladoss\source\repos\eduac\x64\release\curs.obj
c:\users\vladoss\source\repos\eduac\x64\release\catedra.obj
c:\users\vladoss\source\repos\eduac\x64\release\admin.obj
c:\users\vladoss\source\repos\eduac\x64\release\addstudform.obj
c:\users\vladoss\source\repos\eduac\x64\release\addspecialtyform.obj
c:\users\vladoss\source\repos\eduac\x64\release\addprofform.obj
c:\users\vladoss\source\repos\eduac\x64\release\addmarkform.obj
c:\users\vladoss\source\repos\eduac\x64\release\addgrouptocourse.obj
c:\users\vladoss\source\repos\eduac\x64\release\addgroupform.obj
c:\users\vladoss\source\repos\eduac\x64\release\adddepartform.obj
c:\users\vladoss\source\repos\eduac\x64\release\addcourseform.obj
c:\users\vladoss\source\repos\eduac\x64\release\addadminform.obj
c:\users\vladoss\source\repos\eduac\x64\release\addabsform.obj
c:\users\vladoss\source\repos\eduac\x64\release\academic_records.obj
c:\users\vladoss\source\repos\eduac\x64\release\absente.obj
c:\users\vladoss\source\repos\eduac\x64\release\usersettingsform.obj
c:\users\vladoss\source\repos\eduac\x64\release\user.obj
c:\users\vladoss\source\repos\eduac\x64\release\systemmanagement.obj
c:\users\vladoss\source\repos\eduac\x64\release\studentform.obj
c:\users\vladoss\source\repos\eduac\x64\release\student.obj
c:\users\vladoss\source\repos\eduac\x64\release\professorform.obj
c:\users\vladoss\source\repos\eduac\x64\release\professor.obj
c:\users\vladoss\source\repos\eduac\x64\release\nota.obj
c:\users\vladoss\source\repos\eduac\x64\release\menuform.obj
c:\users\vladoss\source\repos\eduac\x64\release\main.obj
c:\users\vladoss\source\repos\eduac\x64\release\loginform.obj
c:\users\vladoss\source\repos\eduac\x64\release\grupa.obj
c:\users\vladoss\source\repos\eduac\x64\release\editstudentform.obj
c:\users\vladoss\source\repos\eduac\x64\release\editspecialtyform.obj
c:\users\vladoss\source\repos\eduac\x64\release\editprofform.obj
c:\users\vladoss\source\repos\eduac\x64\release\.netframework,version=v4.6.1.assemblyattributes.obj
c:\users\vladoss\source\repos\eduac\x64\release\.netframework,version=v4.6.1.assemblyattributes.asm
c:\users\vladoss\source\repos\eduac\x64\release\eduac.addcourseform.resources
c:\users\vladoss\source\repos\eduac\x64\release\eduac.adddepartform.resources
c:\users\vladoss\source\repos\eduac\x64\release\eduac.addgroupform.resources
c:\users\vladoss\source\repos\eduac\x64\release\eduac.addgrouptocourse.resources
c:\users\vladoss\source\repos\eduac\x64\release\eduac.addprofform.resources
c:\users\vladoss\source\repos\eduac\x64\release\eduac.addspecialtyform.resources
c:\users\vladoss\source\repos\eduac\x64\release\eduac.addstudform.resources
c:\users\vladoss\source\repos\eduac\x64\release\eduac.editcourseform.resources
c:\users\vladoss\source\repos\eduac\x64\release\eduac.editdepartform.resources
c:\users\vladoss\source\repos\eduac\x64\release\eduac.editgroupcourse.resources
c:\users\vladoss\source\repos\eduac\x64\release\eduac.editgroupform.resources
c:\users\vladoss\source\repos\eduac\x64\release\eduac.editprofform.resources
c:\users\vladoss\source\repos\eduac\x64\release\eduac.editspecialtyform.resources
c:\users\vladoss\source\repos\eduac\x64\release\eduac.editstudentform.resources
c:\users\vladoss\source\repos\eduac\x64\release\eduac.loginform.resources
c:\users\vladoss\source\repos\eduac\x64\release\eduac.menuform.resources
c:\users\vladoss\source\repos\eduac\x64\release\eduac.professorform.resources
c:\users\vladoss\source\repos\eduac\x64\release\eduac.studentform.resources
c:\users\vladoss\source\repos\eduac\x64\release\eduac.exe
c:\users\vladoss\source\repos\eduac\x64\release\eduac.pdb
c:\users\vladoss\source\repos\eduac\x64\release\eduac.vcxproj.generateresource.cache
c:\users\vladoss\source\repos\eduac\x64\release\eduac.exe.metagen
c:\users\vladoss\source\repos\eduac\x64\release\eduac.tlog\cl.command.1.tlog
c:\users\vladoss\source\repos\eduac\x64\release\eduac.tlog\cl.read.1.tlog
c:\users\vladoss\source\repos\eduac\x64\release\eduac.tlog\cl.write.1.tlog
c:\users\vladoss\source\repos\eduac\x64\release\eduac.tlog\eduac.write.1u.tlog
c:\users\vladoss\source\repos\eduac\x64\release\eduac.tlog\link.command.1.tlog
c:\users\vladoss\source\repos\eduac\x64\release\eduac.tlog\link.read.1.tlog
c:\users\vladoss\source\repos\eduac\x64\release\eduac.tlog\link.write.1.tlog
c:\users\vladoss\source\repos\eduac\x64\release\eduac.tlog\metagen.read.1.tlog
c:\users\vladoss\source\repos\eduac\x64\release\eduac.tlog\metagen.write.1.tlog
