c:\users\vladoss\source\repos\eduac\x64\debug\vc141.pdb
c:\users\vladoss\source\repos\eduac\x64\debug\editgroupform.obj
c:\users\vladoss\source\repos\eduac\x64\debug\editgroupcourse.obj
c:\users\vladoss\source\repos\eduac\x64\debug\editdepartform.obj
c:\users\vladoss\source\repos\eduac\x64\debug\editcourseform.obj
c:\users\vladoss\source\repos\eduac\x64\debug\curs.obj
c:\users\vladoss\source\repos\eduac\x64\debug\catedra.obj
c:\users\vladoss\source\repos\eduac\x64\debug\admin.obj
c:\users\vladoss\source\repos\eduac\x64\debug\addstudform.obj
c:\users\vladoss\source\repos\eduac\x64\debug\addspecialtyform.obj
c:\users\vladoss\source\repos\eduac\x64\debug\addprofform.obj
c:\users\vladoss\source\repos\eduac\x64\debug\addmarkform.obj
c:\users\vladoss\source\repos\eduac\x64\debug\addgrouptocourse.obj
c:\users\vladoss\source\repos\eduac\x64\debug\addgroupform.obj
c:\users\vladoss\source\repos\eduac\x64\debug\adddepartform.obj
c:\users\vladoss\source\repos\eduac\x64\debug\addcourseform.obj
c:\users\vladoss\source\repos\eduac\x64\debug\addadminform.obj
c:\users\vladoss\source\repos\eduac\x64\debug\addabsform.obj
c:\users\vladoss\source\repos\eduac\x64\debug\academic_records.obj
c:\users\vladoss\source\repos\eduac\x64\debug\absente.obj
c:\users\vladoss\source\repos\eduac\x64\debug\usersettingsform.obj
c:\users\vladoss\source\repos\eduac\x64\debug\user.obj
c:\users\vladoss\source\repos\eduac\x64\debug\systemmanagement.obj
c:\users\vladoss\source\repos\eduac\x64\debug\student.obj
c:\users\vladoss\source\repos\eduac\x64\debug\professorform.obj
c:\users\vladoss\source\repos\eduac\x64\debug\professor.obj
c:\users\vladoss\source\repos\eduac\x64\debug\nota.obj
c:\users\vladoss\source\repos\eduac\x64\debug\menuform.obj
c:\users\vladoss\source\repos\eduac\x64\debug\main.obj
c:\users\vladoss\source\repos\eduac\x64\debug\loginform.obj
c:\users\vladoss\source\repos\eduac\x64\debug\grupa.obj
c:\users\vladoss\source\repos\eduac\x64\debug\editstudentform.obj
c:\users\vladoss\source\repos\eduac\x64\debug\editspecialtyform.obj
c:\users\vladoss\source\repos\eduac\x64\debug\editprofform.obj
c:\users\vladoss\source\repos\eduac\x64\debug\eduac.tlog\cl.command.1.tlog
c:\users\vladoss\source\repos\eduac\x64\debug\eduac.tlog\cl.read.1.tlog
c:\users\vladoss\source\repos\eduac\x64\debug\eduac.tlog\cl.write.1.tlog
c:\users\vladoss\source\repos\eduac\x64\debug\eduac.tlog\metagen.write.1.tlog
