  Admin.cpp
c:\users\vladoss\source\repos\eduac\student.h(26): warning C4566: character represented by universal-character-name '\u0163' cannot be represented in the current code page (1251)
c:\users\vladoss\source\repos\eduac\student.h(26): warning C4566: character represented by universal-character-name '\u0103' cannot be represented in the current code page (1251)
c:\users\vladoss\source\repos\eduac\absente.h(22): warning C4996: 'localtime': This function or variable may be unsafe. Consider using localtime_s instead. To disable deprecation, use _CRT_SECURE_NO_WARNINGS. See online help for details.
  c:\program files (x86)\windows kits\10\include\10.0.17763.0\ucrt\time.h(506): note: see declaration of 'localtime'
c:\users\vladoss\source\repos\eduac\nota.h(16): warning C4996: 'localtime': This function or variable may be unsafe. Consider using localtime_s instead. To disable deprecation, use _CRT_SECURE_NO_WARNINGS. See online help for details.
  c:\program files (x86)\windows kits\10\include\10.0.17763.0\ucrt\time.h(506): note: see declaration of 'localtime'
c:\users\vladoss\source\repos\eduac\databaseconnection.h(36): warning C4101: 'e': unreferenced local variable
  DatabaseConnection.cpp
c:\users\vladoss\source\repos\eduac\student.h(26): warning C4566: character represented by universal-character-name '\u0163' cannot be represented in the current code page (1251)
c:\users\vladoss\source\repos\eduac\student.h(26): warning C4566: character represented by universal-character-name '\u0103' cannot be represented in the current code page (1251)
c:\users\vladoss\source\repos\eduac\absente.h(22): warning C4996: 'localtime': This function or variable may be unsafe. Consider using localtime_s instead. To disable deprecation, use _CRT_SECURE_NO_WARNINGS. See online help for details.
  c:\program files (x86)\windows kits\10\include\10.0.17763.0\ucrt\time.h(506): note: see declaration of 'localtime'
c:\users\vladoss\source\repos\eduac\nota.h(16): warning C4996: 'localtime': This function or variable may be unsafe. Consider using localtime_s instead. To disable deprecation, use _CRT_SECURE_NO_WARNINGS. See online help for details.
  c:\program files (x86)\windows kits\10\include\10.0.17763.0\ucrt\time.h(506): note: see declaration of 'localtime'
c:\users\vladoss\source\repos\eduac\databaseconnection.h(36): warning C4101: 'e': unreferenced local variable
c:\users\vladoss\source\repos\eduac\databaseconnection.cpp(35): warning C4566: character represented by universal-character-name '\u021B' cannot be represented in the current code page (1251)
c:\users\vladoss\source\repos\eduac\databaseconnection.cpp(74): warning C4566: character represented by universal-character-name '\u0103' cannot be represented in the current code page (1251)
c:\users\vladoss\source\repos\eduac\databaseconnection.cpp(74): warning C4566: character represented by universal-character-name '\u00EE' cannot be represented in the current code page (1251)
c:\users\vladoss\source\repos\eduac\databaseconnection.cpp(84): warning C4566: character represented by universal-character-name '\u0103' cannot be represented in the current code page (1251)
c:\users\vladoss\source\repos\eduac\databaseconnection.cpp(84): warning C4566: character represented by universal-character-name '\u00EE' cannot be represented in the current code page (1251)
c:\users\vladoss\source\repos\eduac\databaseconnection.cpp(97): warning C4566: character represented by universal-character-name '\u0103' cannot be represented in the current code page (1251)
c:\users\vladoss\source\repos\eduac\databaseconnection.cpp(100): warning C4566: character represented by universal-character-name '\u0103' cannot be represented in the current code page (1251)
c:\users\vladoss\source\repos\eduac\databaseconnection.cpp(109): warning C4566: character represented by universal-character-name '\u0103' cannot be represented in the current code page (1251)
c:\users\vladoss\source\repos\eduac\databaseconnection.cpp(131): warning C4566: character represented by universal-character-name '\u0103' cannot be represented in the current code page (1251)
c:\users\vladoss\source\repos\eduac\databaseconnection.cpp(175): warning C4566: character represented by universal-character-name '\u021B' cannot be represented in the current code page (1251)
c:\users\vladoss\source\repos\eduac\databaseconnection.cpp(188): warning C4566: character represented by universal-character-name '\u0103' cannot be represented in the current code page (1251)
c:\users\vladoss\source\repos\eduac\databaseconnection.cpp(191): warning C4566: character represented by universal-character-name '\u0103' cannot be represented in the current code page (1251)
c:\users\vladoss\source\repos\eduac\databaseconnection.cpp(202): warning C4566: character represented by universal-character-name '\u0103' cannot be represented in the current code page (1251)
c:\users\vladoss\source\repos\eduac\databaseconnection.cpp(219): warning C4566: character represented by universal-character-name '\u021B' cannot be represented in the current code page (1251)
c:\users\vladoss\source\repos\eduac\databaseconnection.cpp(294): warning C4566: character represented by universal-character-name '\u0103' cannot be represented in the current code page (1251)
c:\users\vladoss\source\repos\eduac\databaseconnection.cpp(298): warning C4566: character represented by universal-character-name '\u0103' cannot be represented in the current code page (1251)
c:\users\vladoss\source\repos\eduac\databaseconnection.cpp(630): warning C4566: character represented by universal-character-name '\u021B' cannot be represented in the current code page (1251)
c:\users\vladoss\source\repos\eduac\databaseconnection.cpp(640): warning C4566: character represented by universal-character-name '\u021B' cannot be represented in the current code page (1251)
c:\users\vladoss\source\repos\eduac\databaseconnection.cpp(640): warning C4566: character represented by universal-character-name '\u0103' cannot be represented in the current code page (1251)
c:\users\vladoss\source\repos\eduac\databaseconnection.cpp(640): warning C4566: character represented by universal-character-name '\u0163' cannot be represented in the current code page (1251)
c:\users\vladoss\source\repos\eduac\databaseconnection.cpp(650): warning C4566: character represented by universal-character-name '\u0103' cannot be represented in the current code page (1251)
c:\users\vladoss\source\repos\eduac\databaseconnection.cpp(653): warning C4566: character represented by universal-character-name '\u0103' cannot be represented in the current code page (1251)
c:\users\vladoss\source\repos\eduac\databaseconnection.cpp(657): warning C4566: character represented by universal-character-name '\u0103' cannot be represented in the current code page (1251)
c:\users\vladoss\source\repos\eduac\databaseconnection.cpp(684): warning C4566: character represented by universal-character-name '\u00EE' cannot be represented in the current code page (1251)
c:\users\vladoss\source\repos\eduac\databaseconnection.cpp(684): warning C4566: character represented by universal-character-name '\u0103' cannot be represented in the current code page (1251)
c:\users\vladoss\source\repos\eduac\databaseconnection.cpp(690): warning C4566: character represented by universal-character-name '\u0103' cannot be represented in the current code page (1251)
  Generating Code...
  Absente.obj : MSIL module encountered; incremental linking is disabled for MSIL; performing full link
  EduAc.vcxproj -> C:\Users\Vladoss\source\repos\EduAc\x64\Debug\EduAc.exe
